{"C:\\ApplicationsSource\\Web\\Udemy\\React_LaGuiaCompleta\\productos-pern\\rest-api\\src\\routes.ts": {"path":"C:\\ApplicationsSource\\Web\\Udemy\\React_LaGuiaCompleta\\productos-pern\\rest-api\\src\\routes.ts","statementMap":{"0":{"start":{"line":1,"column":0},"end":{"line":1,"column":32}},"1":{"start":{"line":2,"column":0},"end":{"line":2,"column":47}},"2":{"start":{"line":3,"column":0},"end":{"line":3,"column":null}},"3":{"start":{"line":11,"column":0},"end":{"line":11,"column":48}},"4":{"start":{"line":13,"column":15},"end":{"line":13,"column":23}},"5":{"start":{"line":16,"column":0},"end":{"line":16,"column":null}},"6":{"start":{"line":18,"column":0},"end":{"line":22,"column":null}},"7":{"start":{"line":24,"column":0},"end":{"line":33,"column":null}},"8":{"start":{"line":30,"column":25},"end":{"line":30,"column":34}},"9":{"start":{"line":35,"column":0},"end":{"line":46,"column":null}},"10":{"start":{"line":42,"column":25},"end":{"line":42,"column":34}},"11":{"start":{"line":48,"column":0},"end":{"line":52,"column":null}},"12":{"start":{"line":54,"column":0},"end":{"line":58,"column":null}},"13":{"start":{"line":60,"column":0},"end":{"line":60,"column":22}}},"fnMap":{"0":{"name":"(anonymous_0)","decl":{"start":{"line":30,"column":16},"end":{"line":30,"column":21}},"loc":{"start":{"line":30,"column":25},"end":{"line":30,"column":34}}},"1":{"name":"(anonymous_1)","decl":{"start":{"line":42,"column":16},"end":{"line":42,"column":21}},"loc":{"start":{"line":42,"column":25},"end":{"line":42,"column":34}}}},"branchMap":{},"s":{"0":2,"1":2,"2":2,"3":2,"4":2,"5":2,"6":2,"7":2,"8":4,"9":2,"10":6,"11":2,"12":2,"13":2},"f":{"0":4,"1":6},"b":{}}
,"C:\\ApplicationsSource\\Web\\Udemy\\React_LaGuiaCompleta\\productos-pern\\rest-api\\src\\server.ts": {"path":"C:\\ApplicationsSource\\Web\\Udemy\\React_LaGuiaCompleta\\productos-pern\\rest-api\\src\\server.ts","statementMap":{"0":{"start":{"line":1,"column":0},"end":{"line":1,"column":29}},"1":{"start":{"line":2,"column":0},"end":{"line":2,"column":27}},"2":{"start":{"line":3,"column":0},"end":{"line":3,"column":29}},"3":{"start":{"line":4,"column":0},"end":{"line":4,"column":28}},"4":{"start":{"line":7,"column":25},"end":{"line":16,"column":1}},"5":{"start":{"line":8,"column":4},"end":{"line":15,"column":5}},"6":{"start":{"line":9,"column":8},"end":{"line":9,"column":null}},"7":{"start":{"line":10,"column":8},"end":{"line":10,"column":null}},"8":{"start":{"line":14,"column":8},"end":{"line":14,"column":null}},"9":{"start":{"line":7,"column":13},"end":{"line":7,"column":25}},"10":{"start":{"line":18,"column":0},"end":{"line":18,"column":null}},"11":{"start":{"line":21,"column":15},"end":{"line":21,"column":24}},"12":{"start":{"line":23,"column":0},"end":{"line":23,"column":null}},"13":{"start":{"line":24,"column":0},"end":{"line":24,"column":null}},"14":{"start":{"line":25,"column":0},"end":{"line":27,"column":null}},"15":{"start":{"line":26,"column":4},"end":{"line":26,"column":null}},"16":{"start":{"line":29,"column":0},"end":{"line":29,"column":null}}},"fnMap":{"0":{"name":"(anonymous_1)","decl":{"start":{"line":7,"column":25},"end":{"line":7,"column":30}},"loc":{"start":{"line":7,"column":36},"end":{"line":16,"column":1}}},"1":{"name":"(anonymous_2)","decl":{"start":{"line":25,"column":19},"end":{"line":25,"column":20}},"loc":{"start":{"line":25,"column":32},"end":{"line":27,"column":1}}}},"branchMap":{},"s":{"0":2,"1":2,"2":2,"3":2,"4":2,"5":3,"6":3,"7":2,"8":1,"9":2,"10":2,"11":2,"12":2,"13":2,"14":2,"15":1,"16":2},"f":{"0":3,"1":1},"b":{}}
,"C:\\ApplicationsSource\\Web\\Udemy\\React_LaGuiaCompleta\\productos-pern\\rest-api\\src\\config\\db.ts": {"path":"C:\\ApplicationsSource\\Web\\Udemy\\React_LaGuiaCompleta\\productos-pern\\rest-api\\src\\config\\db.ts","statementMap":{"0":{"start":{"line":1,"column":0},"end":{"line":1,"column":48}},"1":{"start":{"line":2,"column":0},"end":{"line":2,"column":27}},"2":{"start":{"line":4,"column":0},"end":{"line":4,"column":null}},"3":{"start":{"line":6,"column":11},"end":{"line":9,"column":2}},"4":{"start":{"line":11,"column":0},"end":{"line":11,"column":null}}},"fnMap":{},"branchMap":{},"s":{"0":2,"1":2,"2":2,"3":2,"4":2},"f":{},"b":{}}
,"C:\\ApplicationsSource\\Web\\Udemy\\React_LaGuiaCompleta\\productos-pern\\rest-api\\src\\handlers\\product.ts": {"path":"C:\\ApplicationsSource\\Web\\Udemy\\React_LaGuiaCompleta\\productos-pern\\rest-api\\src\\handlers\\product.ts","statementMap":{"0":{"start":{"line":2,"column":0},"end":{"line":2,"column":45}},"1":{"start":{"line":4,"column":27},"end":{"line":11,"column":1}},"2":{"start":{"line":5,"column":21},"end":{"line":9,"column":6}},"3":{"start":{"line":10,"column":4},"end":{"line":10,"column":null}},"4":{"start":{"line":4,"column":13},"end":{"line":4,"column":27}},"5":{"start":{"line":13,"column":30},"end":{"line":19,"column":1}},"6":{"start":{"line":14,"column":19},"end":{"line":14,"column":29}},"7":{"start":{"line":15,"column":20},"end":{"line":15,"column":46}},"8":{"start":{"line":16,"column":4},"end":{"line":17,"column":null}},"9":{"start":{"line":17,"column":8},"end":{"line":17,"column":null}},"10":{"start":{"line":18,"column":4},"end":{"line":18,"column":null}},"11":{"start":{"line":13,"column":13},"end":{"line":13,"column":30}},"12":{"start":{"line":21,"column":29},"end":{"line":24,"column":1}},"13":{"start":{"line":22,"column":20},"end":{"line":22,"column":50}},"14":{"start":{"line":23,"column":4},"end":{"line":23,"column":null}},"15":{"start":{"line":21,"column":13},"end":{"line":21,"column":29}},"16":{"start":{"line":26,"column":29},"end":{"line":34,"column":1}},"17":{"start":{"line":27,"column":19},"end":{"line":27,"column":29}},"18":{"start":{"line":28,"column":20},"end":{"line":28,"column":46}},"19":{"start":{"line":29,"column":4},"end":{"line":30,"column":null}},"20":{"start":{"line":30,"column":8},"end":{"line":30,"column":null}},"21":{"start":{"line":31,"column":4},"end":{"line":31,"column":null}},"22":{"start":{"line":32,"column":4},"end":{"line":32,"column":null}},"23":{"start":{"line":33,"column":4},"end":{"line":33,"column":null}},"24":{"start":{"line":26,"column":13},"end":{"line":26,"column":29}},"25":{"start":{"line":36,"column":34},"end":{"line":44,"column":1}},"26":{"start":{"line":37,"column":19},"end":{"line":37,"column":29}},"27":{"start":{"line":38,"column":20},"end":{"line":38,"column":46}},"28":{"start":{"line":39,"column":4},"end":{"line":40,"column":null}},"29":{"start":{"line":40,"column":8},"end":{"line":40,"column":null}},"30":{"start":{"line":41,"column":4},"end":{"line":41,"column":null}},"31":{"start":{"line":42,"column":4},"end":{"line":42,"column":null}},"32":{"start":{"line":43,"column":4},"end":{"line":43,"column":null}},"33":{"start":{"line":36,"column":13},"end":{"line":36,"column":34}},"34":{"start":{"line":46,"column":29},"end":{"line":53,"column":1}},"35":{"start":{"line":47,"column":19},"end":{"line":47,"column":29}},"36":{"start":{"line":48,"column":20},"end":{"line":48,"column":46}},"37":{"start":{"line":49,"column":4},"end":{"line":50,"column":null}},"38":{"start":{"line":50,"column":8},"end":{"line":50,"column":null}},"39":{"start":{"line":51,"column":4},"end":{"line":51,"column":null}},"40":{"start":{"line":52,"column":4},"end":{"line":52,"column":null}},"41":{"start":{"line":46,"column":13},"end":{"line":46,"column":29}}},"fnMap":{"0":{"name":"(anonymous_1)","decl":{"start":{"line":4,"column":27},"end":{"line":4,"column":32}},"loc":{"start":{"line":4,"column":65},"end":{"line":11,"column":1}}},"1":{"name":"(anonymous_2)","decl":{"start":{"line":13,"column":30},"end":{"line":13,"column":35}},"loc":{"start":{"line":13,"column":68},"end":{"line":19,"column":1}}},"2":{"name":"(anonymous_3)","decl":{"start":{"line":21,"column":29},"end":{"line":21,"column":34}},"loc":{"start":{"line":21,"column":67},"end":{"line":24,"column":1}}},"3":{"name":"(anonymous_4)","decl":{"start":{"line":26,"column":29},"end":{"line":26,"column":34}},"loc":{"start":{"line":26,"column":67},"end":{"line":34,"column":1}}},"4":{"name":"(anonymous_5)","decl":{"start":{"line":36,"column":34},"end":{"line":36,"column":39}},"loc":{"start":{"line":36,"column":72},"end":{"line":44,"column":1}}},"5":{"name":"(anonymous_6)","decl":{"start":{"line":46,"column":29},"end":{"line":46,"column":34}},"loc":{"start":{"line":46,"column":67},"end":{"line":53,"column":1}}}},"branchMap":{"0":{"loc":{"start":{"line":16,"column":4},"end":{"line":17,"column":null}},"type":"if","locations":[{"start":{"line":16,"column":4},"end":{"line":17,"column":null}},{"start":{},"end":{}}]},"1":{"loc":{"start":{"line":29,"column":4},"end":{"line":30,"column":null}},"type":"if","locations":[{"start":{"line":29,"column":4},"end":{"line":30,"column":null}},{"start":{},"end":{}}]},"2":{"loc":{"start":{"line":39,"column":4},"end":{"line":40,"column":null}},"type":"if","locations":[{"start":{"line":39,"column":4},"end":{"line":40,"column":null}},{"start":{},"end":{}}]},"3":{"loc":{"start":{"line":49,"column":4},"end":{"line":50,"column":null}},"type":"if","locations":[{"start":{"line":49,"column":4},"end":{"line":50,"column":null}},{"start":{},"end":{}}]}},"s":{"0":2,"1":2,"2":2,"3":2,"4":2,"5":2,"6":4,"7":4,"8":4,"9":2,"10":4,"11":2,"12":2,"13":1,"14":1,"15":2,"16":2,"17":2,"18":2,"19":2,"20":1,"21":2,"22":1,"23":1,"24":2,"25":2,"26":2,"27":2,"28":2,"29":1,"30":2,"31":1,"32":1,"33":2,"34":2,"35":2,"36":2,"37":2,"38":1,"39":2,"40":1,"41":2},"f":{"0":2,"1":4,"2":1,"3":2,"4":2,"5":2},"b":{"0":[2,2],"1":[1,1],"2":[1,1],"3":[1,1]}}
,"C:\\ApplicationsSource\\Web\\Udemy\\React_LaGuiaCompleta\\productos-pern\\rest-api\\src\\middleware\\index.ts": {"path":"C:\\ApplicationsSource\\Web\\Udemy\\React_LaGuiaCompleta\\productos-pern\\rest-api\\src\\middleware\\index.ts","statementMap":{"0":{"start":{"line":2,"column":0},"end":{"line":2,"column":52}},"1":{"start":{"line":4,"column":33},"end":{"line":11,"column":1}},"2":{"start":{"line":6,"column":17},"end":{"line":6,"column":38}},"3":{"start":{"line":7,"column":4},"end":{"line":9,"column":5}},"4":{"start":{"line":8,"column":9},"end":{"line":8,"column":null}},"5":{"start":{"line":10,"column":4},"end":{"line":10,"column":null}},"6":{"start":{"line":4,"column":13},"end":{"line":4,"column":33}}},"fnMap":{"0":{"name":"(anonymous_0)","decl":{"start":{"line":4,"column":33},"end":{"line":4,"column":34}},"loc":{"start":{"line":4,"column":85},"end":{"line":11,"column":1}}}},"branchMap":{"0":{"loc":{"start":{"line":7,"column":4},"end":{"line":9,"column":5}},"type":"if","locations":[{"start":{"line":7,"column":4},"end":{"line":9,"column":5}},{"start":{},"end":{}}]}},"s":{"0":2,"1":2,"2":21,"3":21,"4":10,"5":11,"6":2},"f":{"0":21},"b":{"0":[10,11]}}
,"C:\\ApplicationsSource\\Web\\Udemy\\React_LaGuiaCompleta\\productos-pern\\rest-api\\src\\models\\Product.model.ts": {"path":"C:\\ApplicationsSource\\Web\\Udemy\\React_LaGuiaCompleta\\productos-pern\\rest-api\\src\\models\\Product.model.ts","statementMap":{"0":{"start":{"line":1,"column":0},"end":{"line":1,"column":78}},"1":{"start":{"line":7,"column":0},"end":{"line":23,"column":null}},"2":{"start":{"line":11,"column":12},"end":{"line":11,"column":null}},"3":{"start":{"line":16,"column":12},"end":{"line":16,"column":null}},"4":{"start":{"line":22,"column":12},"end":{"line":22,"column":null}},"5":{"start":{"line":7,"column":6},"end":{"line":23,"column":null}},"6":{"start":{"line":25,"column":0},"end":{"line":25,"column":null}}},"fnMap":{},"branchMap":{},"s":{"0":3,"1":3,"2":3,"3":3,"4":3,"5":3,"6":3},"f":{},"b":{}}
}
