TN:
SF:src\routes.ts
FN:30,(anonymous_0)
FN:42,(anonymous_1)
FNF:2
FNH:2
FNDA:4,(anonymous_0)
FNDA:6,(anonymous_1)
DA:1,2
DA:2,2
DA:3,2
DA:11,2
DA:13,2
DA:16,2
DA:18,2
DA:24,2
DA:30,4
DA:35,2
DA:42,6
DA:48,2
DA:54,2
DA:60,2
LF:14
LH:14
BRF:0
BRH:0
end_of_record
TN:
SF:src\server.ts
FN:7,(anonymous_1)
FN:25,(anonymous_2)
FNF:2
FNH:2
FNDA:3,(anonymous_1)
FNDA:1,(anonymous_2)
DA:1,2
DA:2,2
DA:3,2
DA:4,2
DA:7,2
DA:8,3
DA:9,3
DA:10,2
DA:14,1
DA:18,2
DA:21,2
DA:23,2
DA:24,2
DA:25,2
DA:26,1
DA:29,2
LF:16
LH:16
BRF:0
BRH:0
end_of_record
TN:
SF:src\config\db.ts
FNF:0
FNH:0
DA:1,2
DA:2,2
DA:4,2
DA:6,2
DA:11,2
LF:5
LH:5
BRF:0
BRH:0
end_of_record
TN:
SF:src\handlers\product.ts
FN:4,(anonymous_1)
FN:13,(anonymous_2)
FN:21,(anonymous_3)
FN:26,(anonymous_4)
FN:36,(anonymous_5)
FN:46,(anonymous_6)
FNF:6
FNH:6
FNDA:2,(anonymous_1)
FNDA:4,(anonymous_2)
FNDA:1,(anonymous_3)
FNDA:2,(anonymous_4)
FNDA:2,(anonymous_5)
FNDA:2,(anonymous_6)
DA:2,2
DA:4,2
DA:5,2
DA:10,2
DA:13,2
DA:14,4
DA:15,4
DA:16,4
DA:17,2
DA:18,4
DA:21,2
DA:22,1
DA:23,1
DA:26,2
DA:27,2
DA:28,2
DA:29,2
DA:30,1
DA:31,2
DA:32,1
DA:33,1
DA:36,2
DA:37,2
DA:38,2
DA:39,2
DA:40,1
DA:41,2
DA:42,1
DA:43,1
DA:46,2
DA:47,2
DA:48,2
DA:49,2
DA:50,1
DA:51,2
DA:52,1
LF:36
LH:36
BRDA:16,0,0,2
BRDA:16,0,1,2
BRDA:29,1,0,1
BRDA:29,1,1,1
BRDA:39,2,0,1
BRDA:39,2,1,1
BRDA:49,3,0,1
BRDA:49,3,1,1
BRF:8
BRH:8
end_of_record
TN:
SF:src\middleware\index.ts
FN:4,(anonymous_0)
FNF:1
FNH:1
FNDA:21,(anonymous_0)
DA:2,2
DA:4,2
DA:6,21
DA:7,21
DA:8,10
DA:10,11
LF:6
LH:6
BRDA:7,0,0,10
BRDA:7,0,1,11
BRF:2
BRH:2
end_of_record
TN:
SF:src\models\Product.model.ts
FNF:0
FNH:0
DA:1,3
DA:7,3
DA:11,3
DA:16,3
DA:22,3
DA:25,3
LF:6
LH:6
BRF:0
BRH:0
end_of_record
